Using pre-set license
Built from '2022.3/staging' branch; Version is '2022.3.9f1 (ea401c316338) revision 15351836'; Using compiler version '192829333'; Build Type 'Release'
OS: 'Windows 10  (10.0.19045) 64bit Education' Language: 'ko' Physical Memory: 16265 MB
BatchMode: 1, IsHumanControllingUs: 0, StartBugReporterOnCrash: 0, Is64bit: 1, IsPro: 1

COMMAND LINE ARGUMENTS:
C:\Program Files\Unity\Hub\Editor\2022.3.9f1\Editor\Unity.exe
-adb2
-batchMode
-noUpm
-name
AssetImportWorker3
-projectPath
C:/Users/Hasta/Documents/GitHub/GameProject/GPJ
-logFile
Logs/AssetImportWorker3.log
-srvPort
3814
Successfully changed project path to: C:/Users/Hasta/Documents/GitHub/GameProject/GPJ
C:/Users/Hasta/Documents/GitHub/GameProject/GPJ
[UnityMemory] Configuration Parameters - Can be set up in boot.config
    "memorysetup-bucket-allocator-granularity=16"
    "memorysetup-bucket-allocator-bucket-count=8"
    "memorysetup-bucket-allocator-block-size=33554432"
    "memorysetup-bucket-allocator-block-count=8"
    "memorysetup-main-allocator-block-size=16777216"
    "memorysetup-thread-allocator-block-size=16777216"
    "memorysetup-gfx-main-allocator-block-size=16777216"
    "memorysetup-gfx-thread-allocator-block-size=16777216"
    "memorysetup-cache-allocator-block-size=4194304"
    "memorysetup-typetree-allocator-block-size=2097152"
    "memorysetup-profiler-bucket-allocator-granularity=16"
    "memorysetup-profiler-bucket-allocator-bucket-count=8"
    "memorysetup-profiler-bucket-allocator-block-size=33554432"
    "memorysetup-profiler-bucket-allocator-block-count=8"
    "memorysetup-profiler-allocator-block-size=16777216"
    "memorysetup-profiler-editor-allocator-block-size=1048576"
    "memorysetup-temp-allocator-size-main=16777216"
    "memorysetup-job-temp-allocator-block-size=2097152"
    "memorysetup-job-temp-allocator-block-size-background=1048576"
    "memorysetup-job-temp-allocator-reduction-small-platforms=262144"
    "memorysetup-allocator-temp-initial-block-size-main=262144"
    "memorysetup-allocator-temp-initial-block-size-worker=262144"
    "memorysetup-temp-allocator-size-background-worker=32768"
    "memorysetup-temp-allocator-size-job-worker=262144"
    "memorysetup-temp-allocator-size-preload-manager=33554432"
    "memorysetup-temp-allocator-size-nav-mesh-worker=65536"
    "memorysetup-temp-allocator-size-audio-worker=65536"
    "memorysetup-temp-allocator-size-cloud-worker=32768"
    "memorysetup-temp-allocator-size-gi-baking-worker=262144"
    "memorysetup-temp-allocator-size-gfx=262144"
Player connection [40620] Host "[IP] 192.168.1.2 [Port] 0 [Flags] 2 [Guid] 1891846216 [EditorId] 1891846216 [Version] 1048832 [Id] WindowsEditor(7,DESKTOP-BHK0B32) [Debug] 1 [PackageName] WindowsEditor [ProjectName] Editor" joined multi-casting on [225.0.0.222:54997]...

Player connection [40620] Host "[IP] 192.168.1.2 [Port] 0 [Flags] 2 [Guid] 1891846216 [EditorId] 1891846216 [Version] 1048832 [Id] WindowsEditor(7,DESKTOP-BHK0B32) [Debug] 1 [PackageName] WindowsEditor [ProjectName] Editor" joined alternative multi-casting on [225.0.0.222:34997]...

[Physics::Module] Initialized MultithreadedJobDispatcher with 15 workers.
Refreshing native plugins compatible for Editor in 106.79 ms, found 4 plugins.
Preloading 0 native plugins for Editor in 0.00 ms.
Initialize engine version: 2022.3.9f1 (ea401c316338)
[Subsystems] Discovering subsystems at path C:/Program Files/Unity/Hub/Editor/2022.3.9f1/Editor/Data/Resources/UnitySubsystems
[Subsystems] Discovering subsystems at path C:/Users/Hasta/Documents/GitHub/GameProject/GPJ/Assets
GfxDevice: creating device client; threaded=0; jobified=0
Direct3D:
    Version:  Direct3D 11.0 [level 11.1]
    Renderer: NVIDIA GeForce RTX 3060 (ID=0x2503)
    Vendor:   NVIDIA
    VRAM:     12129 MB
    Driver:   31.0.15.3742
Initialize mono
Mono path[0] = 'C:/Program Files/Unity/Hub/Editor/2022.3.9f1/Editor/Data/Managed'
Mono path[1] = 'C:/Program Files/Unity/Hub/Editor/2022.3.9f1/Editor/Data/MonoBleedingEdge/lib/mono/unityjit-win32'
Mono config path = 'C:/Program Files/Unity/Hub/Editor/2022.3.9f1/Editor/Data/MonoBleedingEdge/etc'
Using monoOptions --debugger-agent=transport=dt_socket,embedding=1,server=y,suspend=n,address=127.0.0.1:56956
Begin MonoManager ReloadAssembly
Registering precompiled unity dll's ...
Register platform support module: C:/Program Files/Unity/Hub/Editor/2022.3.9f1/Editor/Data/PlaybackEngines/WindowsStandaloneSupport/UnityEditor.WindowsStandalone.Extensions.dll
Registered in 0.015057 seconds.
- Loaded All Assemblies, in  0.706 seconds
Native extension for WindowsStandalone target not found
Mono: successfully reloaded assembly
- Finished resetting the current domain, in  0.266 seconds
Domain Reload Profiling: 968ms
	BeginReloadAssembly (117ms)
		ExecutionOrderSort (0ms)
		DisableScriptedObjects (0ms)
		BackupInstance (0ms)
		ReleaseScriptingObjects (0ms)
		CreateAndSetChildDomain (1ms)
	RebuildCommonClasses (145ms)
	RebuildNativeTypeToScriptingClass (9ms)
	initialDomainReloadingComplete (68ms)
	LoadAllAssembliesAndSetupDomain (361ms)
		LoadAssemblies (113ms)
		RebuildTransferFunctionScriptingTraits (0ms)
		AnalyzeDomain (359ms)
			TypeCache.Refresh (357ms)
				TypeCache.ScanAssembly (343ms)
			ScanForSourceGeneratedMonoScriptInfo (0ms)
			ResolveRequiredComponents (0ms)
	FinalizeReload (266ms)
		ReleaseScriptCaches (0ms)
		RebuildScriptCaches (0ms)
		SetupLoadedEditorAssemblies (207ms)
			LogAssemblyErrors (0ms)
			InitializePlatformSupportModulesInManaged (11ms)
			SetLoadedEditorAssemblies (8ms)
			RefreshPlugins (0ms)
			BeforeProcessingInitializeOnLoad (3ms)
			ProcessInitializeOnLoadAttributes (131ms)
			ProcessInitializeOnLoadMethodAttributes (54ms)
			AfterProcessingInitializeOnLoad (0ms)
			EditorAssembliesLoaded (0ms)
		ExecutionOrderSort2 (0ms)
		AwakeInstancesAfterBackupRestoration (0ms)
========================================================================
Worker process is ready to serve import requests
Begin MonoManager ReloadAssembly
- Loaded All Assemblies, in  0.682 seconds
Refreshing native plugins compatible for Editor in 9.46 ms, found 4 plugins.
Native extension for WindowsStandalone target not found
Package Manager log level set to [2]
[Package Manager] Server::EnsureServerProcessIsRunning -- launch failed, reason: Unity was launched with the -noUpm command-line argument
[Package Manager] UpmClient::Send -- Unable to send message (not connected to UPM process).
[Package Manager] Cannot connect to Unity Package Manager local server
Mono: successfully reloaded assembly
- Finished resetting the current domain, in  0.584 seconds
Domain Reload Profiling: 1260ms
	BeginReloadAssembly (148ms)
		ExecutionOrderSort (0ms)
		DisableScriptedObjects (5ms)
		BackupInstance (0ms)
		ReleaseScriptingObjects (0ms)
		CreateAndSetChildDomain (17ms)
	RebuildCommonClasses (30ms)
	RebuildNativeTypeToScriptingClass (11ms)
	initialDomainReloadingComplete (45ms)
	LoadAllAssembliesAndSetupDomain (440ms)
		LoadAssemblies (345ms)
		RebuildTransferFunctionScriptingTraits (0ms)
		AnalyzeDomain (190ms)
			TypeCache.Refresh (166ms)
				TypeCache.ScanAssembly (114ms)
			ScanForSourceGeneratedMonoScriptInfo (18ms)
			ResolveRequiredComponents (4ms)
	FinalizeReload (585ms)
		ReleaseScriptCaches (0ms)
		RebuildScriptCaches (0ms)
		SetupLoadedEditorAssemblies (428ms)
			LogAssemblyErrors (0ms)
			InitializePlatformSupportModulesInManaged (8ms)
			SetLoadedEditorAssemblies (3ms)
			RefreshPlugins (0ms)
			BeforeProcessingInitializeOnLoad (83ms)
			ProcessInitializeOnLoadAttributes (288ms)
			ProcessInitializeOnLoadMethodAttributes (30ms)
			AfterProcessingInitializeOnLoad (15ms)
			EditorAssembliesLoaded (0ms)
		ExecutionOrderSort2 (0ms)
		AwakeInstancesAfterBackupRestoration (13ms)
Launched and connected shader compiler UnityShaderCompiler.exe after 0.07 seconds
Refreshing native plugins compatible for Editor in 10.36 ms, found 4 plugins.
Preloading 0 native plugins for Editor in 0.00 ms.
Unloading 4008 Unused Serialized files (Serialized files now loaded: 0)
Unloading 69 unused Assets / (244.5 KB). Loaded Objects now: 4464.
Memory consumption went from 141.4 MB to 141.1 MB.
Total: 3.238500 ms (FindLiveObjects: 0.303900 ms CreateObjectMapping: 0.265100 ms MarkObjects: 2.413300 ms  DeleteObjects: 0.254900 ms)

AssetImportParameters requested are different than current active one (requested -> active):
  custom:container-demuxer-ogg: 62fdf1f143b41e24485cea50d1cbac27 -> 
  custom:video-decoder-ogg-theora: a1e56fd34408186e4bbccfd4996cb3dc -> 
  custom:framework-win-MediaFoundation: 216162199b28c13a410421893ffa2e32 -> 
  custom:CustomObjectIndexerAttribute: 756ad292c208cfabdd7b50bc23989ffe -> 
  custom:container-demuxer-webm: 4f35f7cbe854078d1ac9338744f61a02 -> 
  custom:container-muxer-webm: aa71ff27fc2769a1b78a27578f13a17b -> 
  custom:video-decoder-webm-vp8: 9c59270c3fd7afecdb556c50c9e8de78 -> 
  custom:SearchIndexIgnoredProperties: e643bd26f0fe6173181afceb89e7c659 -> 
  custom:AudioImporter_EditorPlatform: d09bf68614088b80899f8185d706f6e7 -> 
  custom:video-encoder-webm-vp8: eb34c28f22e8b96e1ab97ce403110664 -> 
  custom:audio-decoder-ogg-vorbis: bf7c407c2cedff20999df2af8eb42d56 -> 
  custom:audio-encoder-webm-vorbis: bf7c407c2cedff20999df2af8eb42d56 -> 
========================================================================
Received Import Request.
  Time since last request: 12884.540601 seconds.
  path: Assets/resources/ui/icon_atk_bw@2x.png
  artifactKey: Guid(2b516343b58fdf246810aae5c20fc74b) Importer(815301076,1909f56bfc062723c751e8b465ee728b)
Start importing Assets/resources/ui/icon_atk_bw@2x.png using Guid(2b516343b58fdf246810aae5c20fc74b) Importer(815301076,1909f56bfc062723c751e8b465ee728b)  -> (artifact id: 'f55b2c99b598c36019b525e000c394ce') in 0.117804 seconds
Number of updated asset objects reloaded before import = 0
Number of asset objects unloaded after import = 3
========================================================================
Received Import Request.
  Time since last request: 0.000024 seconds.
  path: Assets/resources/ui/icon_general_hp@2x.png
  artifactKey: Guid(e3b714e5d64db3f44b6fa87d63269a48) Importer(815301076,1909f56bfc062723c751e8b465ee728b)
Start importing Assets/resources/ui/icon_general_hp@2x.png using Guid(e3b714e5d64db3f44b6fa87d63269a48) Importer(815301076,1909f56bfc062723c751e8b465ee728b)  -> (artifact id: '0d86857dd6019303a635f341276473c7') in 0.050666 seconds
Number of updated asset objects reloaded before import = 0
Number of asset objects unloaded after import = 3
========================================================================
Received Import Request.
  Time since last request: 0.725659 seconds.
  path: Assets/resources/ui/icon_heal@2x.png
  artifactKey: Guid(c1d5a64dd5246f04abb273155de6f6a0) Importer(815301076,1909f56bfc062723c751e8b465ee728b)
Start importing Assets/resources/ui/icon_heal@2x.png using Guid(c1d5a64dd5246f04abb273155de6f6a0) Importer(815301076,1909f56bfc062723c751e8b465ee728b)  -> (artifact id: 'ea2efc06ec412582aa90a1319f200eb2') in 0.043682 seconds
Number of updated asset objects reloaded before import = 0
Number of asset objects unloaded after import = 3
========================================================================
Received Import Request.
  Time since last request: 0.000018 seconds.
  path: Assets/resources/ui/icon_hp_bw@2x.png
  artifactKey: Guid(fca6b771003025d4d928e3031d09fc99) Importer(815301076,1909f56bfc062723c751e8b465ee728b)
Start importing Assets/resources/ui/icon_hp_bw@2x.png using Guid(fca6b771003025d4d928e3031d09fc99) Importer(815301076,1909f56bfc062723c751e8b465ee728b)  -> (artifact id: 'c27b95cdd50484ada0807515d983bafb') in 0.036317 seconds
Number of updated asset objects reloaded before import = 0
Number of asset objects unloaded after import = 3
========================================================================
Received Import Request.
  Time since last request: 0.680371 seconds.
  path: Assets/resources/ui/icon_mana_inactive.png
  artifactKey: Guid(f1cc845d0242c16448c1343ded90c09c) Importer(815301076,1909f56bfc062723c751e8b465ee728b)
Start importing Assets/resources/ui/icon_mana_inactive.png using Guid(f1cc845d0242c16448c1343ded90c09c) Importer(815301076,1909f56bfc062723c751e8b465ee728b)  -> (artifact id: '2eeb5588f93d4fdceb2bff123d19276f') in 0.092923 seconds
Number of updated asset objects reloaded before import = 0
Number of asset objects unloaded after import = 3
========================================================================
Received Import Request.
  Time since last request: 0.453434 seconds.
  path: Assets/resources/ui/matchmaking_platform_friendly@2x.png
  artifactKey: Guid(5bd75bdda646d67438d52437e6d4d451) Importer(815301076,1909f56bfc062723c751e8b465ee728b)
Start importing Assets/resources/ui/matchmaking_platform_friendly@2x.png using Guid(5bd75bdda646d67438d52437e6d4d451) Importer(815301076,1909f56bfc062723c751e8b465ee728b)  -> (artifact id: '8ee7048486f1ef3488dd1a49725d8cad') in 0.033476 seconds
Number of updated asset objects reloaded before import = 0
Number of asset objects unloaded after import = 3
========================================================================
Received Import Request.
  Time since last request: 0.000016 seconds.
  path: Assets/resources/ui/mouse_attack@2x.png
  artifactKey: Guid(ba3e55cb238a6c541886a5ec6177002e) Importer(815301076,1909f56bfc062723c751e8b465ee728b)
Start importing Assets/resources/ui/mouse_attack@2x.png using Guid(ba3e55cb238a6c541886a5ec6177002e) Importer(815301076,1909f56bfc062723c751e8b465ee728b)  -> (artifact id: '4c219c378dd343cdafac0509a77ddc67') in 0.049705 seconds
Number of updated asset objects reloaded before import = 0
Number of asset objects unloaded after import = 3
========================================================================
Received Import Request.
  Time since last request: 0.232793 seconds.
  path: Assets/resources/ui/mouse_move.png
  artifactKey: Guid(72c550b1d3d1a1943ad3e410314ca20f) Importer(815301076,1909f56bfc062723c751e8b465ee728b)
Start importing Assets/resources/ui/mouse_move.png using Guid(72c550b1d3d1a1943ad3e410314ca20f) Importer(815301076,1909f56bfc062723c751e8b465ee728b)  -> (artifact id: '96ba4ff7caa99ce1c1b8e5cd2ebdedce') in 0.030122 seconds
Number of updated asset objects reloaded before import = 0
Number of asset objects unloaded after import = 3
========================================================================
Received Import Request.
  Time since last request: 0.000017 seconds.
  path: Assets/resources/ui/mulligan_replaced.png
  artifactKey: Guid(43d6e91c4916c8d47a7037fb37a542dc) Importer(815301076,1909f56bfc062723c751e8b465ee728b)
Start importing Assets/resources/ui/mulligan_replaced.png using Guid(43d6e91c4916c8d47a7037fb37a542dc) Importer(815301076,1909f56bfc062723c751e8b465ee728b)  -> (artifact id: '6225669a2894a05d3d38e24ef1b22448') in 0.031567 seconds
Number of updated asset objects reloaded before import = 0
Number of asset objects unloaded after import = 3
========================================================================
Received Import Request.
  Time since last request: 0.000019 seconds.
  path: Assets/resources/ui/notification_challenge@2x.png
  artifactKey: Guid(824d6de8cef5f03448d0c680e091403d) Importer(815301076,1909f56bfc062723c751e8b465ee728b)
Start importing Assets/resources/ui/notification_challenge@2x.png using Guid(824d6de8cef5f03448d0c680e091403d) Importer(815301076,1909f56bfc062723c751e8b465ee728b)  -> (artifact id: '4c1b373efbe036faa52582c2bf6c5fa7') in 0.033077 seconds
Number of updated asset objects reloaded before import = 0
Number of asset objects unloaded after import = 3
========================================================================
Received Import Request.
  Time since last request: 8.424263 seconds.
  path: Assets/resources/ui/ranked_chevron_empty.png
  artifactKey: Guid(cb1133d2a50b6814f87ecaf00cf6c7ad) Importer(815301076,1909f56bfc062723c751e8b465ee728b)
Start importing Assets/resources/ui/ranked_chevron_empty.png using Guid(cb1133d2a50b6814f87ecaf00cf6c7ad) Importer(815301076,1909f56bfc062723c751e8b465ee728b)  -> (artifact id: 'cb232ed3ae46bbdaf764875fef1ce049') in 0.028316 seconds
Number of updated asset objects reloaded before import = 0
Number of asset objects unloaded after import = 3
========================================================================
Received Import Request.
  Time since last request: 0.000014 seconds.
  path: Assets/resources/ui/ranked_chevron_plate.png
  artifactKey: Guid(0ab20002ce6403b4c85f9b6bd8822121) Importer(815301076,1909f56bfc062723c751e8b465ee728b)
Start importing Assets/resources/ui/ranked_chevron_plate.png using Guid(0ab20002ce6403b4c85f9b6bd8822121) Importer(815301076,1909f56bfc062723c751e8b465ee728b)  -> (artifact id: 'a863f932139b89806195dcb9a824065d') in 0.031078 seconds
Number of updated asset objects reloaded before import = 0
Number of asset objects unloaded after import = 3
========================================================================
Received Import Request.
  Time since last request: 0.000030 seconds.
  path: Assets/resources/ui/replace_indicator@2x.png
  artifactKey: Guid(3914941c73f8ddd4b8cf68ed353e6631) Importer(815301076,1909f56bfc062723c751e8b465ee728b)
Start importing Assets/resources/ui/replace_indicator@2x.png using Guid(3914941c73f8ddd4b8cf68ed353e6631) Importer(815301076,1909f56bfc062723c751e8b465ee728b)  -> (artifact id: '038e4b10dabcd20f364b7f5cd48671e4') in 0.034404 seconds
Number of updated asset objects reloaded before import = 0
Number of asset objects unloaded after import = 3
========================================================================
Received Import Request.
  Time since last request: 0.574597 seconds.
  path: Assets/resources/ui/replace_outer_ring_shine@2x.png
  artifactKey: Guid(f9fc52d3058179f4398c14679321fa6f) Importer(815301076,1909f56bfc062723c751e8b465ee728b)
Start importing Assets/resources/ui/replace_outer_ring_shine@2x.png using Guid(f9fc52d3058179f4398c14679321fa6f) Importer(815301076,1909f56bfc062723c751e8b465ee728b)  -> (artifact id: '912719002f76fa5d06d1bbdc20e4b219') in 0.031701 seconds
Number of updated asset objects reloaded before import = 0
Number of asset objects unloaded after import = 3
========================================================================
Received Import Request.
  Time since last request: 0.277678 seconds.
  path: Assets/resources/ui/status_highlight_enemy.png
  artifactKey: Guid(ee6d70a0d2a6e9244bb1a9c902368d40) Importer(815301076,1909f56bfc062723c751e8b465ee728b)
Start importing Assets/resources/ui/status_highlight_enemy.png using Guid(ee6d70a0d2a6e9244bb1a9c902368d40) Importer(815301076,1909f56bfc062723c751e8b465ee728b)  -> (artifact id: '469b8a56176d1f15159f0a3c96cb08d5') in 0.045104 seconds
Number of updated asset objects reloaded before import = 0
Number of asset objects unloaded after import = 3
========================================================================
Received Import Request.
  Time since last request: 0.000020 seconds.
  path: Assets/resources/ui/symbol_booster_pack_caret@2x.png
  artifactKey: Guid(169dcd43cd4026a4b99dc0ae3e05e9a9) Importer(815301076,1909f56bfc062723c751e8b465ee728b)
Start importing Assets/resources/ui/symbol_booster_pack_caret@2x.png using Guid(169dcd43cd4026a4b99dc0ae3e05e9a9) Importer(815301076,1909f56bfc062723c751e8b465ee728b)  -> (artifact id: '35fd0713466e21ae51d2cff2a37c881d') in 0.030085 seconds
Number of updated asset objects reloaded before import = 0
Number of asset objects unloaded after import = 3
========================================================================
Received Import Request.
  Time since last request: 0.000054 seconds.
  path: Assets/resources/ui/symbol_main_menu_center.png
  artifactKey: Guid(11d42b14c39e28b47aad4cebc502ca66) Importer(815301076,1909f56bfc062723c751e8b465ee728b)
Start importing Assets/resources/ui/symbol_main_menu_center.png using Guid(11d42b14c39e28b47aad4cebc502ca66) Importer(815301076,1909f56bfc062723c751e8b465ee728b)  -> (artifact id: '7ca05d0dbca3a9da44e90300eeb4f3df') in 0.033709 seconds
Number of updated asset objects reloaded before import = 0
Number of asset objects unloaded after import = 3
========================================================================
Received Import Request.
  Time since last request: 0.197004 seconds.
  path: Assets/resources/ui/symbol_main_menu_icon@2x.png
  artifactKey: Guid(237100d359d201b4dbecd8c330b7c3ca) Importer(815301076,1909f56bfc062723c751e8b465ee728b)
Start importing Assets/resources/ui/symbol_main_menu_icon@2x.png using Guid(237100d359d201b4dbecd8c330b7c3ca) Importer(815301076,1909f56bfc062723c751e8b465ee728b)  -> (artifact id: '247fb82fd6148b90737006d34199c56c') in 0.027939 seconds
Number of updated asset objects reloaded before import = 0
Number of asset objects unloaded after import = 3
========================================================================
Received Import Request.
  Time since last request: 0.000018 seconds.
  path: Assets/resources/ui/symbol_main_menu_ring_outer@2x.png
  artifactKey: Guid(591184db738ccb44c84b7e411c13ebb6) Importer(815301076,1909f56bfc062723c751e8b465ee728b)
Start importing Assets/resources/ui/symbol_main_menu_ring_outer@2x.png using Guid(591184db738ccb44c84b7e411c13ebb6) Importer(815301076,1909f56bfc062723c751e8b465ee728b)  -> (artifact id: 'b9950126cebc2ee31a7981df7a201985') in 0.032087 seconds
Number of updated asset objects reloaded before import = 0
Number of asset objects unloaded after import = 3
========================================================================
Received Import Request.
  Time since last request: 0.597487 seconds.
  path: Assets/resources/ui/timer_background@2x.png
  artifactKey: Guid(47ba0648d040f6647b369a31859db7c5) Importer(815301076,1909f56bfc062723c751e8b465ee728b)
Start importing Assets/resources/ui/timer_background@2x.png using Guid(47ba0648d040f6647b369a31859db7c5) Importer(815301076,1909f56bfc062723c751e8b465ee728b)  -> (artifact id: '3ee6c486457c82d05046f4bbfeb1de38') in 0.030352 seconds
Number of updated asset objects reloaded before import = 0
Number of asset objects unloaded after import = 3
========================================================================
Received Import Request.
  Time since last request: 0.004818 seconds.
  path: Assets/resources/ui/vignette.png
  artifactKey: Guid(efb7646027327ce45b4399014660698d) Importer(815301076,1909f56bfc062723c751e8b465ee728b)
Start importing Assets/resources/ui/vignette.png using Guid(efb7646027327ce45b4399014660698d) Importer(815301076,1909f56bfc062723c751e8b465ee728b)  -> (artifact id: '3956ee9da5745fc9c0ed11e6937dda75') in 0.038783 seconds
Number of updated asset objects reloaded before import = 0
Number of asset objects unloaded after import = 3
Editor requested this worker to shutdown with reason: Scaling down because of idle timeout
TcpMessagingSession - receive error: operation aborted. errorcode: 995, details: 스레드 종료 또는 응용 프로그램 요청 때문에 I/O 작업이 취소되었습니다.
AssetImportWorker is now disconnected from the server
Process exiting
Exiting without the bug reporter. Application will terminate with return code 0